Release 13.1 - xst O.40d (nt64)
Copyright (c) 1995-2011 Xilinx, Inc.  All rights reserved.
--> Parameter TMPDIR set to xst/projnav.tmp


Total REAL time to Xst completion: 0.00 secs
Total CPU time to Xst completion: 0.77 secs
 
--> Parameter xsthdpdir set to xst


Total REAL time to Xst completion: 0.00 secs
Total CPU time to Xst completion: 0.78 secs
 
--> Reading design: FSM_Boton.prj

TABLE OF CONTENTS
  1) Synthesis Options Summary
  2) HDL Parsing
  3) HDL Elaboration
  4) HDL Synthesis
       4.1) HDL Synthesis Report
  5) Advanced HDL Synthesis
       5.1) Advanced HDL Synthesis Report
  6) Low Level Synthesis
  7) Partition Report
  8) Design Summary
       8.1) Primitive and Black Box Usage
       8.2) Device utilization summary
       8.3) Partition Resource Summary
       8.4) Timing Report
            8.4.1) Clock Information
            8.4.2) Asynchronous Control Signals Information
            8.4.3) Timing Summary
            8.4.4) Timing Details
            8.4.5) Cross Clock Domains Report


=========================================================================
*                      Synthesis Options Summary                        *
=========================================================================
---- Source Parameters
Input File Name                    : "FSM_Boton.prj"
Input Format                       : mixed
Ignore Synthesis Constraint File   : NO

---- Target Parameters
Output File Name                   : "FSM_Boton"
Output Format                      : NGC
Target Device                      : xc6slx9-2-csg324

---- Source Options
Top Module Name                    : FSM_Boton
Automatic FSM Extraction           : YES
FSM Encoding Algorithm             : Auto
Safe Implementation                : No
FSM Style                          : LUT
RAM Extraction                     : Yes
RAM Style                          : Auto
ROM Extraction                     : Yes
Shift Register Extraction          : YES
ROM Style                          : Auto
Resource Sharing                   : YES
Asynchronous To Synchronous        : NO
Shift Register Minimum Size        : 2
Use DSP Block                      : Auto
Automatic Register Balancing       : No

---- Target Options
LUT Combining                      : Auto
Reduce Control Sets                : Auto
Add IO Buffers                     : YES
Global Maximum Fanout              : 100000
Add Generic Clock Buffer(BUFG)     : 16
Register Duplication               : YES
Optimize Instantiated Primitives   : NO
Use Clock Enable                   : Auto
Use Synchronous Set                : Auto
Use Synchronous Reset              : Auto
Pack IO Registers into IOBs        : Auto
Equivalent register Removal        : YES

---- General Options
Optimization Goal                  : Speed
Optimization Effort                : 1
Power Reduction                    : NO
Keep Hierarchy                     : No
Netlist Hierarchy                  : As_Optimized
RTL Output                         : Yes
Global Optimization                : AllClockNets
Read Cores                         : YES
Write Timing Constraints           : NO
Cross Clock Analysis               : NO
Hierarchy Separator                : /
Bus Delimiter                      : <>
Case Specifier                     : Maintain
Slice Utilization Ratio            : 100
BRAM Utilization Ratio             : 100
DSP48 Utilization Ratio            : 100
Auto BRAM Packing                  : NO
Slice Utilization Ratio Delta      : 5

=========================================================================


=========================================================================
*                          HDL Parsing                                  *
=========================================================================
Parsing VHDL file "C:\XilinxAriketak\EDK\DispositivoGuia\FSM_Boton.vhd" into library work
Parsing entity <FSM_Boton>.
Parsing architecture <Behavioral> of entity <fsm_boton>.

=========================================================================
*                            HDL Elaboration                            *
=========================================================================

Elaborating entity <FSM_Boton> (architecture <Behavioral>) from library <work>.

=========================================================================
*                           HDL Synthesis                               *
=========================================================================

Synthesizing Unit <FSM_Boton>.
    Related source file is "c:/xilinxariketak/edk/dispositivoguia/fsm_boton.vhd".
    Found 2-bit register for signal <estado>.
    Found finite state machine <FSM_0> for signal <estado>.
    -----------------------------------------------------------------------
    | States             | 4                                              |
    | Transitions        | 8                                              |
    | Inputs             | 2                                              |
    | Outputs            | 2                                              |
    | Clock              | clk (rising_edge)                              |
    | Reset              | rst (positive)                                 |
    | Reset type         | asynchronous                                   |
    | Reset State        | c_off                                          |
    | Power Up State     | c_off                                          |
    | Encoding           | auto                                           |
    | Implementation     | LUT                                            |
    -----------------------------------------------------------------------
    Summary:
	inferred   1 Finite State Machine(s).
Unit <FSM_Boton> synthesized.

=========================================================================
HDL Synthesis Report

Macro Statistics
# FSMs                                                 : 1

=========================================================================

=========================================================================
*                       Advanced HDL Synthesis                          *
=========================================================================


=========================================================================
Advanced HDL Synthesis Report

Macro Statistics
# FSMs                                                 : 1

=========================================================================

=========================================================================
*                         Low Level Synthesis                           *
=========================================================================
Analyzing FSM <MFsm> for best encoding.
Optimizing FSM <FSM_0> on signal <estado[1:2]> with sequential encoding.
-------------------
 State | Encoding
-------------------
 c_off | 00
 idle1 | 01
 idle2 | 11
 c_on  | 10
-------------------

Optimizing unit <FSM_Boton> ...

Mapping all equations...
Building and optimizing final netlist ...
Found area constraint ratio of 100 (+ 5) on block FSM_Boton, actual ratio is 0.

Final Macro Processing ...

=========================================================================
Final Register Report

Macro Statistics
# Registers                                            : 2
 Flip-Flops                                            : 2

=========================================================================

=========================================================================
*                           Partition Report                            *
=========================================================================

Partition Implementation Status
-------------------------------

  No Partitions were found in this design.

-------------------------------

=========================================================================
*                            Design Summary                             *
=========================================================================

Top Level Output File Name         : FSM_Boton.ngc

Primitive and Black Box Usage:
------------------------------
# BELS                             : 3
#      LUT2                        : 1
#      LUT3                        : 1
#      LUT4                        : 1
# FlipFlops/Latches                : 2
#      FDC                         : 2
# Clock Buffers                    : 1
#      BUFGP                       : 1
# IO Buffers                       : 5
#      IBUF                        : 3
#      OBUF                        : 2

Device utilization summary:
---------------------------

Selected Device : 6slx9csg324-2 


Slice Logic Utilization: 
 Number of Slice Registers:               2  out of  11440     0%  
 Number of Slice LUTs:                    3  out of   5720     0%  
    Number used as Logic:                 3  out of   5720     0%  

Slice Logic Distribution: 
 Number of LUT Flip Flop pairs used:      5
   Number with an unused Flip Flop:       3  out of      5    60%  
   Number with an unused LUT:             2  out of      5    40%  
   Number of fully used LUT-FF pairs:     0  out of      5     0%  
   Number of unique control sets:         1

IO Utilization: 
 Number of IOs:                           6
 Number of bonded IOBs:                   6  out of    200     3%  

Specific Feature Utilization:
 Number of BUFG/BUFGCTRLs:                1  out of     16     6%  

---------------------------
Partition Resource Summary:
---------------------------

  No Partitions were found in this design.

---------------------------


=========================================================================
Timing Report

NOTE: THESE TIMING NUMBERS ARE ONLY A SYNTHESIS ESTIMATE.
      FOR ACCURATE TIMING INFORMATION PLEASE REFER TO THE TRACE REPORT
      GENERATED AFTER PLACE-and-ROUTE.

Clock Information:
------------------
-----------------------------------+------------------------+-------+
Clock Signal                       | Clock buffer(FF name)  | Load  |
-----------------------------------+------------------------+-------+
clk                                | BUFGP                  | 2     |
-----------------------------------+------------------------+-------+

Asynchronous Control Signals Information:
----------------------------------------
No asynchronous control signals found in this design

Timing Summary:
---------------
Speed Grade: -2

   Minimum period: 1.723ns (Maximum Frequency: 580.383MHz)
   Minimum input arrival time before clock: 2.658ns
   Maximum output required time after clock: 5.242ns
   Maximum combinational path delay: No path found

Timing Details:
---------------
All values displayed in nanoseconds (ns)

=========================================================================
Timing constraint: Default period analysis for Clock 'clk'
  Clock period: 1.723ns (frequency: 580.383MHz)
  Total number of paths / destination ports: 3 / 2
-------------------------------------------------------------------------
Delay:               1.723ns (Levels of Logic = 1)
  Source:            estado_FSM_FFd2 (FF)
  Destination:       estado_FSM_FFd1 (FF)
  Source Clock:      clk rising
  Destination Clock: clk rising

  Data Path: estado_FSM_FFd2 to estado_FSM_FFd1
                                Gate     Net
    Cell:in->out      fanout   Delay   Delay  Logical Name (Net Name)
    ----------------------------------------  ------------
     FDC:C->Q              3   0.525   0.874  estado_FSM_FFd2 (estado_FSM_FFd2)
     LUT4:I2->O            1   0.250   0.000  estado_FSM_FFd1-In1 (estado_FSM_FFd1-In)
     FDC:D                     0.074          estado_FSM_FFd1
    ----------------------------------------
    Total                      1.723ns (0.849ns logic, 0.874ns route)
                                       (49.3% logic, 50.7% route)

=========================================================================
Timing constraint: Default OFFSET IN BEFORE for Clock 'clk'
  Total number of paths / destination ports: 6 / 4
-------------------------------------------------------------------------
Offset:              2.658ns (Levels of Logic = 2)
  Source:            B_on (PAD)
  Destination:       estado_FSM_FFd1 (FF)
  Destination Clock: clk rising

  Data Path: B_on to estado_FSM_FFd1
                                Gate     Net
    Cell:in->out      fanout   Delay   Delay  Logical Name (Net Name)
    ----------------------------------------  ------------
     IBUF:I->O             2   1.328   1.002  B_on_IBUF (B_on_IBUF)
     LUT4:I0->O            1   0.254   0.000  estado_FSM_FFd1-In1 (estado_FSM_FFd1-In)
     FDC:D                     0.074          estado_FSM_FFd1
    ----------------------------------------
    Total                      2.658ns (1.656ns logic, 1.002ns route)
                                       (62.3% logic, 37.7% route)

=========================================================================
Timing constraint: Default OFFSET OUT AFTER for Clock 'clk'
  Total number of paths / destination ports: 3 / 2
-------------------------------------------------------------------------
Offset:              5.242ns (Levels of Logic = 2)
  Source:            estado_FSM_FFd1 (FF)
  Destination:       OnOff<0> (PAD)
  Source Clock:      clk rising

  Data Path: estado_FSM_FFd1 to OnOff<0>
                                Gate     Net
    Cell:in->out      fanout   Delay   Delay  Logical Name (Net Name)
    ----------------------------------------  ------------
     FDC:C->Q              3   0.525   0.874  estado_FSM_FFd1 (estado_FSM_FFd1)
     LUT2:I0->O            1   0.250   0.681  estado_OnOff<0>1 (OnOff_0_OBUF)
     OBUF:I->O                 2.912          OnOff_0_OBUF (OnOff<0>)
    ----------------------------------------
    Total                      5.242ns (3.687ns logic, 1.555ns route)
                                       (70.3% logic, 29.7% route)

=========================================================================

Cross Clock Domains Report:
--------------------------

Clock to Setup on destination clock clk
---------------+---------+---------+---------+---------+
               | Src:Rise| Src:Fall| Src:Rise| Src:Fall|
Source Clock   |Dest:Rise|Dest:Rise|Dest:Fall|Dest:Fall|
---------------+---------+---------+---------+---------+
clk            |    1.723|         |         |         |
---------------+---------+---------+---------+---------+

=========================================================================


Total REAL time to Xst completion: 23.00 secs
Total CPU time to Xst completion: 23.66 secs
 
--> 

Total memory usage is 244304 kilobytes

Number of errors   :    0 (   0 filtered)
Number of warnings :    0 (   0 filtered)
Number of infos    :    0 (   0 filtered)

